30/06/2026 09:13:46: [PUT] Atualizando cotação: 22713314
30/06/2026 09:13:46: [PUT] Usuário: jose.faria
30/06/2026 09:13:46: [PUT] Dados recebidos: {
30/06/2026 09:13:46:   anotacao: 'ja fiz e boa',
30/06/2026 09:13:46:   status: 'pendente',
30/06/2026 09:13:46:   auditoria_anotacao: '',
30/06/2026 09:13:46:   auditoria_status: ''
30/06/2026 09:13:46: }
30/06/2026 09:13:46: [PUT] Linhas afetadas: 1
30/06/2026 09:13:46: [PUT] Cotação atualizada com sucesso: {
30/06/2026 09:13:46:   cotacao: '22713314',
30/06/2026 09:13:46:   anotacao: 'ja fiz e boa',
30/06/2026 09:13:46:   status: 'pendente',
30/06/2026 09:13:46:   data_de_criacao: '29/06/2026 21:25',
30/06/2026 09:13:46:   data_da_ultima_atualizacao: '30/06/2026 09:13',
30/06/2026 09:13:46:   usuario_login: 'jose.faria',
30/06/2026 09:13:46:   validacao: 'Ativo',
30/06/2026 09:13:46:   usuario_id: '50',
30/06/2026 09:13:46:   tarefa: '22713314',
30/06/2026 09:13:46:   origem: 'iw_cpc_975_net'
30/06/2026 09:13:46: }
30/06/2026 09:13:51: [PUT] Atualizando cotação: 22736729
30/06/2026 09:13:51: [PUT] Usuário: jose.faria
30/06/2026 09:13:51: [PUT] Dados recebidos: {
30/06/2026 09:13:51:   anotacao: undefined,
30/06/2026 09:13:51:   status: 'pendente-iphone',
30/06/2026 09:13:51:   auditoria_anotacao: undefined,
30/06/2026 09:13:51:   auditoria_status: undefined
30/06/2026 09:13:51: }
30/06/2026 09:13:51: [PUT] Linhas afetadas: 1
30/06/2026 09:13:52: [PUT] Atualizando cotação: 22736729
30/06/2026 09:13:52: [PUT] Usuário: jose.faria
30/06/2026 09:13:52: [PUT] Dados recebidos: {
30/06/2026 09:13:52:   anotacao: undefined,
30/06/2026 09:13:52:   status: 'pendente-iphone',
30/06/2026 09:13:52:   auditoria_anotacao: undefined,
30/06/2026 09:13:52:   auditoria_status: undefined
30/06/2026 09:13:52: }
30/06/2026 09:13:52: [PUT] Linhas afetadas: 1
30/06/2026 09:13:52: [PUT] Cotação atualizada com sucesso: {
30/06/2026 09:13:52:   cotacao: '22736729',
30/06/2026 09:13:52:   anotacao: 'Origem: iw_cpc_975_net | Etapa: 05 - Crédito',
30/06/2026 09:13:52:   status: 'pendente-iphone',
30/06/2026 09:13:52:   data_de_criacao: '29/06/2026 19:28',
30/06/2026 09:13:52:   data_da_ultima_atualizacao: '30/06/2026 09:13',
30/06/2026 09:13:52:   usuario_login: 'jose.faria',
30/06/2026 09:13:52:   validacao: 'Ativo',
30/06/2026 09:13:52:   usuario_id: '50',
30/06/2026 09:13:52:   tarefa: '22736729',
30/06/2026 09:13:52:   origem: 'iw_cpc_975_net'
30/06/2026 09:13:52: }
30/06/2026 09:13:58: [PUT] Atualizando cotação: 22736729
30/06/2026 09:13:58: [PUT] Usuário: jose.faria
30/06/2026 09:13:58: [PUT] Dados recebidos: {
30/06/2026 09:13:58:   anotacao: undefined,
30/06/2026 09:13:58:   status: 'aprovado',
30/06/2026 09:13:58:   auditoria_anotacao: undefined,
30/06/2026 09:13:58:   auditoria_status: undefined
30/06/2026 09:13:58: }
30/06/2026 09:13:58: [PUT] Linhas afetadas: 1
30/06/2026 09:13:59: [PUT] Atualizando cotação: 22736729
30/06/2026 09:13:59: [PUT] Usuário: jose.faria
30/06/2026 09:13:59: [PUT] Dados recebidos: {
30/06/2026 09:13:59:   anotacao: undefined,
30/06/2026 09:13:59:   status: 'aprovado',
30/06/2026 09:13:59:   auditoria_anotacao: undefined,
30/06/2026 09:13:59:   auditoria_status: undefined
30/06/2026 09:13:59: }
30/06/2026 09:13:59: [PUT] Linhas afetadas: 1
30/06/2026 09:13:59: [PUT] Cotação atualizada com sucesso: {
30/06/2026 09:13:59:   cotacao: '22736729',
30/06/2026 09:13:59:   anotacao: 'Origem: iw_cpc_975_net | Etapa: 05 - Crédito',
30/06/2026 09:13:59:   status: 'aprovado',
30/06/2026 09:13:59:   data_de_criacao: '29/06/2026 19:28',
30/06/2026 09:13:59:   data_da_ultima_atualizacao: '30/06/2026 09:13',
30/06/2026 09:13:59:   usuario_login: 'jose.faria',
30/06/2026 09:13:59:   validacao: 'Ativo',
30/06/2026 09:13:59:   usuario_id: '50',
30/06/2026 09:13:59:   tarefa: '22736729',
30/06/2026 09:13:59:   origem: 'iw_cpc_975_net'
30/06/2026 09:13:59: }
30/06/2026 09:14:15: [ATUALIZAR_R_000250] Iniciando atualização...
30/06/2026 09:14:16: [ATUALIZAR_R_000250] max_bloco=Mon Jun 29 2026 19:05:26 GMT-0300 (Brasilia Standard Time), max_claro=Tue Jun 30 2026 07:53:57 GMT-0300 (Brasilia Standard Time)
30/06/2026 09:14:16: [ATUALIZAR_R_000250] Tabela truncada
30/06/2026 09:14:16: [ATUALIZAR_R_000250] Concluído em 230ms
30/06/2026 09:25:34: [ATUALIZAR_R_000250] Iniciando atualização...
30/06/2026 09:25:34: [ATUALIZAR_R_000250] max_bloco=Tue Jun 30 2026 07:53:57 GMT-0300 (Brasilia Standard Time), max_claro=Tue Jun 30 2026 07:53:57 GMT-0300 (Brasilia Standard Time)
30/06/2026 09:25:34: [ATUALIZAR_R_000250] Nenhuma atualização necessária. Concluído em 47ms
30/06/2026 09:30:46: Servidor rodando em http://localhost:3016
30/06/2026 09:37:54: Servidor rodando em http://localhost:3016
30/06/2026 10:08:11: Servidor rodando em http://localhost:3016
30/06/2026 10:24:05: Servidor rodando em http://localhost:3016
30/06/2026 10:35:38: Servidor rodando em http://localhost:3016
30/06/2026 10:40:12: Servidor rodando em http://localhost:3016
30/06/2026 10:52:34: Servidor rodando em http://localhost:3016
30/06/2026 11:09:57: [PUT] Atualizando cotação: 22788280
30/06/2026 11:09:57: [PUT] Usuário: jose.faria
30/06/2026 11:09:57: [PUT] Dados recebidos: {
30/06/2026 11:09:57:   anotacao: 'Origem: iw_cpc_975_net | Etapa: 03 - Aguardando Correção',
30/06/2026 11:09:57:   status: 'procedimento correto',
30/06/2026 11:09:57:   auditoria_anotacao: '',
30/06/2026 11:09:57:   auditoria_status: 'Procedimento Correto'
30/06/2026 11:09:57: }
30/06/2026 11:09:57: [PUT] Linhas afetadas: 1
30/06/2026 11:09:57: [PUT] Cotação atualizada com sucesso: {
30/06/2026 11:09:57:   cotacao: '22788280',
30/06/2026 11:09:57:   anotacao: 'Origem: iw_cpc_975_net | Etapa: 03 - Aguardando Correção',
30/06/2026 11:09:57:   status: 'procedimento correto',
30/06/2026 11:09:57:   data_de_criacao: '30/06/2026 09:29',
30/06/2026 11:09:57:   data_da_ultima_atualizacao: '30/06/2026 11:09',
30/06/2026 11:09:57:   usuario_login: 'jose.faria',
30/06/2026 11:09:57:   validacao: 'Ativo',
30/06/2026 11:09:57:   usuario_id: '50',
30/06/2026 11:09:57:   tarefa: '22788280',
30/06/2026 11:09:57:   origem: 'iw_cpc_975_net'
30/06/2026 11:09:57: }
30/06/2026 11:10:03: [PUT] Atualizando cotação: 22788280
30/06/2026 11:10:03: [PUT] Usuário: jose.faria
30/06/2026 11:10:03: [PUT] Dados recebidos: {
30/06/2026 11:10:03:   anotacao: undefined,
30/06/2026 11:10:03:   status: 'aprovado',
30/06/2026 11:10:03:   auditoria_anotacao: undefined,
30/06/2026 11:10:03:   auditoria_status: undefined
30/06/2026 11:10:03: }
30/06/2026 11:10:03: [PUT] Linhas afetadas: 1
30/06/2026 11:10:04: [PUT] Atualizando cotação: 22788280
30/06/2026 11:10:04: [PUT] Usuário: jose.faria
30/06/2026 11:10:04: [PUT] Dados recebidos: {
30/06/2026 11:10:04:   anotacao: undefined,
30/06/2026 11:10:04:   status: 'aprovado',
30/06/2026 11:10:04:   auditoria_anotacao: undefined,
30/06/2026 11:10:04:   auditoria_status: undefined
30/06/2026 11:10:04: }
30/06/2026 11:10:04: [PUT] Linhas afetadas: 1
30/06/2026 11:10:04: [PUT] Cotação atualizada com sucesso: {
30/06/2026 11:10:04:   cotacao: '22788280',
30/06/2026 11:10:04:   anotacao: 'Origem: iw_cpc_975_net | Etapa: 03 - Aguardando Correção',
30/06/2026 11:10:04:   status: 'aprovado',
30/06/2026 11:10:04:   data_de_criacao: '30/06/2026 09:29',
30/06/2026 11:10:04:   data_da_ultima_atualizacao: '30/06/2026 11:10',
30/06/2026 11:10:04:   usuario_login: 'jose.faria',
30/06/2026 11:10:04:   validacao: 'Ativo',
30/06/2026 11:10:04:   usuario_id: '50',
30/06/2026 11:10:04:   tarefa: '22788280',
30/06/2026 11:10:04:   origem: 'iw_cpc_975_net'
30/06/2026 11:10:04: }
30/06/2026 11:13:17: [ATUALIZAR_R_000250] Iniciando atualização...
30/06/2026 11:13:17: [ATUALIZAR_R_000250] max_bloco=Tue Jun 30 2026 07:53:57 GMT-0300 (Brasilia Standard Time), max_claro=Tue Jun 30 2026 07:53:57 GMT-0300 (Brasilia Standard Time)
30/06/2026 11:13:17: [ATUALIZAR_R_000250] Nenhuma atualização necessária. Concluído em 248ms
30/06/2026 11:16:03: [PUT] Atualizando cotação: 22788280
30/06/2026 11:16:03: [PUT] Usuário: jose.faria
30/06/2026 11:16:03: [PUT] Dados recebidos: {
30/06/2026 11:16:03:   anotacao: 'Origem: iw_cpc_975_net | Etapa: 03 - Aguardando Correção',
30/06/2026 11:16:03:   status: 'aprovado',
30/06/2026 11:16:03:   auditoria_anotacao: '',
30/06/2026 11:16:03:   auditoria_status: 'Procedimento Correto'
30/06/2026 11:16:03: }
30/06/2026 11:16:03: [PUT] Linhas afetadas: 1
30/06/2026 11:16:03: [PUT] Cotação atualizada com sucesso: {
30/06/2026 11:16:03:   cotacao: '22788280',
30/06/2026 11:16:03:   anotacao: 'Origem: iw_cpc_975_net | Etapa: 03 - Aguardando Correção',
30/06/2026 11:16:03:   status: 'aprovado',
30/06/2026 11:16:03:   data_de_criacao: '30/06/2026 09:29',
30/06/2026 11:16:03:   data_da_ultima_atualizacao: '30/06/2026 11:16',
30/06/2026 11:16:03:   usuario_login: 'jose.faria',
30/06/2026 11:16:03:   validacao: 'Ativo',
30/06/2026 11:16:03:   usuario_id: '50',
30/06/2026 11:16:03:   tarefa: '22788280',
30/06/2026 11:16:03:   origem: 'iw_cpc_975_net'
30/06/2026 11:16:03: }
30/06/2026 11:46:28: Servidor rodando em http://localhost:3016
30/06/2026 11:52:20: Servidor rodando em http://localhost:3016
30/06/2026 11:56:09: Servidor rodando em http://localhost:3016
30/06/2026 12:02:56: Servidor rodando em http://localhost:3016
30/06/2026 13:38:35: Servidor rodando em http://localhost:3016
30/06/2026 14:49:28: Servidor rodando em http://localhost:3016
30/06/2026 14:54:07: [PUT] Atualizando cotação: 22786561
30/06/2026 14:54:07: [PUT] Usuário: jose.faria
30/06/2026 14:54:07: [PUT] Dados recebidos: {
30/06/2026 14:54:07:   anotacao: undefined,
30/06/2026 14:54:07:   status: 'pendente-suporte',
30/06/2026 14:54:07:   auditoria_anotacao: undefined,
30/06/2026 14:54:07:   auditoria_status: undefined
30/06/2026 14:54:07: }
30/06/2026 14:54:07: [PUT] Linhas afetadas: 1
30/06/2026 14:54:08: [PUT] Atualizando cotação: 22786561
30/06/2026 14:54:08: [PUT] Usuário: jose.faria
30/06/2026 14:54:08: [PUT] Dados recebidos: {
30/06/2026 14:54:08:   anotacao: undefined,
30/06/2026 14:54:08:   status: 'pendente-suporte',
30/06/2026 14:54:08:   auditoria_anotacao: undefined,
30/06/2026 14:54:08:   auditoria_status: undefined
30/06/2026 14:54:08: }
30/06/2026 14:54:08: [PUT] Linhas afetadas: 1
30/06/2026 14:54:08: [PUT] Cotação atualizada com sucesso: {
30/06/2026 14:54:08:   id_cotacao: 34,
30/06/2026 14:54:08:   cotacao: 'Q6339049',
30/06/2026 14:54:08:   id_qldd: null,
30/06/2026 14:54:08:   anotacao: 'Tarefa: E001 - PME - 33.983.179/0001-01 | Fila: CPC - PME',
30/06/2026 14:54:08:   status: 'pendente-suporte',
30/06/2026 14:54:08:   data_de_criacao: '30/06/2026 14:53',
30/06/2026 14:54:08:   data_da_ultima_atualizacao: '30/06/2026 14:54',
30/06/2026 14:54:08:   usuario_login: 'jose.faria',
30/06/2026 14:54:08:   validacao: 'Ativo',
30/06/2026 14:54:08:   usuario_id: '50',
30/06/2026 14:54:08:   tarefa: '22786561',
30/06/2026 14:54:08:   origem: null
30/06/2026 14:54:08: }
30/06/2026 14:54:14: [PUT] Atualizando cotação: 22786561
30/06/2026 14:54:14: [PUT] Usuário: jose.faria
30/06/2026 14:54:14: [PUT] Dados recebidos: {
30/06/2026 14:54:14:   anotacao: undefined,
30/06/2026 14:54:14:   status: 'pendente-suporte',
30/06/2026 14:54:14:   auditoria_anotacao: undefined,
30/06/2026 14:54:14:   auditoria_status: undefined
30/06/2026 14:54:14: }
30/06/2026 14:54:14: [PUT] Linhas afetadas: 1
30/06/2026 14:54:14: [PUT] Cotação atualizada com sucesso: {
30/06/2026 14:54:14:   id_cotacao: 34,
30/06/2026 14:54:14:   cotacao: 'Q6339049',
30/06/2026 14:54:14:   id_qldd: null,
30/06/2026 14:54:14:   anotacao: 'Tarefa: E001 - PME - 33.983.179/0001-01 | Fila: CPC - PME',
30/06/2026 14:54:14:   status: 'pendente-suporte',
30/06/2026 14:54:14:   data_de_criacao: '30/06/2026 14:53',
30/06/2026 14:54:14:   data_da_ultima_atualizacao: '30/06/2026 14:54',
30/06/2026 14:54:14:   usuario_login: 'jose.faria',
30/06/2026 14:54:14:   validacao: 'Ativo',
30/06/2026 14:54:14:   usuario_id: '50',
30/06/2026 14:54:14:   tarefa: '22786561',
30/06/2026 14:54:14:   origem: null
30/06/2026 14:54:14: }
30/06/2026 14:54:20: [PUT] Atualizando cotação: 22786561
30/06/2026 14:54:20: [PUT] Usuário: jose.faria
30/06/2026 14:54:20: [PUT] Dados recebidos: {
30/06/2026 14:54:20:   anotacao: undefined,
30/06/2026 14:54:20:   status: 'pendente-qualidade',
30/06/2026 14:54:20:   auditoria_anotacao: undefined,
30/06/2026 14:54:20:   auditoria_status: undefined
30/06/2026 14:54:20: }
30/06/2026 14:54:20: [PUT] Linhas afetadas: 1
30/06/2026 14:54:20: [PUT] Atualizando cotação: 22786561
30/06/2026 14:54:20: [PUT] Usuário: jose.faria
30/06/2026 14:54:20: [PUT] Dados recebidos: {
30/06/2026 14:54:20:   anotacao: undefined,
30/06/2026 14:54:20:   status: 'pendente-qualidade',
30/06/2026 14:54:20:   auditoria_anotacao: undefined,
30/06/2026 14:54:20:   auditoria_status: undefined
30/06/2026 14:54:20: }
30/06/2026 14:54:20: [PUT] Linhas afetadas: 1
30/06/2026 14:54:20: [PUT] Cotação atualizada com sucesso: {
30/06/2026 14:54:20:   id_cotacao: 34,
30/06/2026 14:54:20:   cotacao: 'Q6339049',
30/06/2026 14:54:20:   id_qldd: null,
30/06/2026 14:54:20:   anotacao: 'Tarefa: E001 - PME - 33.983.179/0001-01 | Fila: CPC - PME',
30/06/2026 14:54:20:   status: 'pendente-qualidade',
30/06/2026 14:54:20:   data_de_criacao: '30/06/2026 14:53',
30/06/2026 14:54:20:   data_da_ultima_atualizacao: '30/06/2026 14:54',
30/06/2026 14:54:20:   usuario_login: 'jose.faria',
30/06/2026 14:54:20:   validacao: 'Ativo',
30/06/2026 14:54:20:   usuario_id: '50',
30/06/2026 14:54:20:   tarefa: '22786561',
30/06/2026 14:54:20:   origem: null
30/06/2026 14:54:20: }
30/06/2026 14:54:23: [PUT] Atualizando cotação: 22786561
30/06/2026 14:54:23: [PUT] Usuário: jose.faria
30/06/2026 14:54:23: [PUT] Dados recebidos: {
30/06/2026 14:54:23:   anotacao: undefined,
30/06/2026 14:54:23:   status: 'pendente-suporte',
30/06/2026 14:54:23:   auditoria_anotacao: undefined,
30/06/2026 14:54:23:   auditoria_status: undefined
30/06/2026 14:54:23: }
30/06/2026 14:54:23: [PUT] Linhas afetadas: 1
30/06/2026 14:54:23: [PUT] Atualizando cotação: 22786561
30/06/2026 14:54:23: [PUT] Usuário: jose.faria
30/06/2026 14:54:23: [PUT] Dados recebidos: {
30/06/2026 14:54:23:   anotacao: undefined,
30/06/2026 14:54:23:   status: 'pendente-suporte',
30/06/2026 14:54:23:   auditoria_anotacao: undefined,
30/06/2026 14:54:23:   auditoria_status: undefined
30/06/2026 14:54:23: }
30/06/2026 14:54:23: [PUT] Linhas afetadas: 1
30/06/2026 14:54:23: [PUT] Cotação atualizada com sucesso: {
30/06/2026 14:54:23:   id_cotacao: 34,
30/06/2026 14:54:23:   cotacao: 'Q6339049',
30/06/2026 14:54:23:   id_qldd: null,
30/06/2026 14:54:23:   anotacao: 'Tarefa: E001 - PME - 33.983.179/0001-01 | Fila: CPC - PME',
30/06/2026 14:54:23:   status: 'pendente-suporte',
30/06/2026 14:54:23:   data_de_criacao: '30/06/2026 14:53',
30/06/2026 14:54:23:   data_da_ultima_atualizacao: '30/06/2026 14:54',
30/06/2026 14:54:23:   usuario_login: 'jose.faria',
30/06/2026 14:54:23:   validacao: 'Ativo',
30/06/2026 14:54:23:   usuario_id: '50',
30/06/2026 14:54:23:   tarefa: '22786561',
30/06/2026 14:54:23:   origem: null
30/06/2026 14:54:23: }
30/06/2026 14:54:27: [PUT] Atualizando cotação: 22786561
30/06/2026 14:54:27: [PUT] Usuário: jose.faria
30/06/2026 14:54:27: [PUT] Dados recebidos: {
30/06/2026 14:54:27:   anotacao: undefined,
30/06/2026 14:54:27:   status: 'pendente-suporte',
30/06/2026 14:54:27:   auditoria_anotacao: undefined,
30/06/2026 14:54:27:   auditoria_status: undefined
30/06/2026 14:54:27: }
30/06/2026 14:54:27: [PUT] Linhas afetadas: 1
30/06/2026 14:54:27: [PUT] Cotação atualizada com sucesso: {
30/06/2026 14:54:27:   id_cotacao: 34,
30/06/2026 14:54:27:   cotacao: 'Q6339049',
30/06/2026 14:54:27:   id_qldd: null,
30/06/2026 14:54:27:   anotacao: 'Tarefa: E001 - PME - 33.983.179/0001-01 | Fila: CPC - PME',
30/06/2026 14:54:27:   status: 'pendente-suporte',
30/06/2026 14:54:27:   data_de_criacao: '30/06/2026 14:53',
30/06/2026 14:54:27:   data_da_ultima_atualizacao: '30/06/2026 14:54',
30/06/2026 14:54:27:   usuario_login: 'jose.faria',
30/06/2026 14:54:27:   validacao: 'Ativo',
30/06/2026 14:54:27:   usuario_id: '50',
30/06/2026 14:54:27:   tarefa: '22786561',
30/06/2026 14:54:27:   origem: null
30/06/2026 14:54:27: }
30/06/2026 15:00:11: Servidor rodando em http://localhost:3016
30/06/2026 15:01:30: Servidor rodando em http://localhost:3016
30/06/2026 15:08:04: Servidor rodando em http://localhost:3016
30/06/2026 15:09:09: Servidor rodando em http://localhost:3016
30/06/2026 15:12:07: Servidor rodando em http://localhost:3016
30/06/2026 15:12:51: Servidor rodando em http://localhost:3016
30/06/2026 15:45:07: Servidor rodando em http://localhost:3016
30/06/2026 15:50:52: [PUT] Atualizando cotação: 22786561
30/06/2026 15:50:52: [PUT] Usuário: jose.faria
30/06/2026 15:50:52: [PUT] Dados recebidos: {
30/06/2026 15:50:52:   anotacao: undefined,
30/06/2026 15:50:52:   status: 'pendente-correcao-cadastral',
30/06/2026 15:50:52:   auditoria_anotacao: undefined,
30/06/2026 15:50:52:   auditoria_status: undefined
30/06/2026 15:50:52: }
30/06/2026 15:50:52: [PUT] Linhas afetadas: 1
30/06/2026 15:50:53: [PUT] Atualizando cotação: 22786561
30/06/2026 15:50:53: [PUT] Usuário: jose.faria
30/06/2026 15:50:53: [PUT] Dados recebidos: {
30/06/2026 15:50:53:   anotacao: undefined,
30/06/2026 15:50:53:   status: 'pendente-correcao-cadastral',
30/06/2026 15:50:53:   auditoria_anotacao: undefined,
30/06/2026 15:50:53:   auditoria_status: undefined
30/06/2026 15:50:53: }
30/06/2026 15:50:53: [PUT] Linhas afetadas: 1
30/06/2026 15:50:53: [PUT] Cotação atualizada com sucesso: {
30/06/2026 15:50:53:   id_cotacao: 34,
30/06/2026 15:50:53:   cotacao: 'Q6339049',
30/06/2026 15:50:53:   id_qldd: null,
30/06/2026 15:50:53:   anotacao: 'Tarefa: E001 - PME - 33.983.179/0001-01 | Fila: CPC - PME',
30/06/2026 15:50:53:   status: 'pendente-correcao-cadastral',
30/06/2026 15:50:53:   data_de_criacao: '30/06/2026 14:53',
30/06/2026 15:50:53:   data_da_ultima_atualizacao: '30/06/2026 15:50',
30/06/2026 15:50:53:   usuario_login: 'jose.faria',
30/06/2026 15:50:53:   validacao: 'Ativo',
30/06/2026 15:50:53:   usuario_id: '50',
30/06/2026 15:50:53:   tarefa: '22786561',
30/06/2026 15:50:53:   origem: null
30/06/2026 15:50:53: }
30/06/2026 16:22:14: Servidor rodando em http://localhost:3016
30/06/2026 16:40:28: Servidor rodando em http://localhost:3016
30/06/2026 16:41:08: [ACESSOS] Permissões atualizadas para usuário 50: 5 ativadas, 0 desativadas
30/06/2026 16:57:32: [ACESSOS] Permissões atualizadas para usuário 110: 6 ativadas, 0 desativadas
